<?xml version="1.0" encoding="UTF-8"?>
<testng-results skipped="0" failed="0" ignored="0" total="1" passed="1">
  <reporter-output>
  </reporter-output>
  <suite name="Default suite" duration-ms="1585" started-at="2021-12-03T15:05:02Z" finished-at="2021-12-03T15:05:03Z">
    <groups>
    </groups>
    <test name="Default test" duration-ms="1585" started-at="2021-12-03T15:05:02Z" finished-at="2021-12-03T15:05:03Z">
      <class name="usingbdd.GetRequest">
        <test-method status="PASS" signature="GetCall()[pri:0, instance:usingbdd.GetRequest@4a87761d]" name="GetCall" duration-ms="1559" started-at="2021-12-03T15:05:02Z" finished-at="2021-12-03T15:05:03Z">
          <reporter-output>
          </reporter-output>
        </test-method> <!-- GetCall -->
      </class> <!-- usingbdd.GetRequest -->
    </test> <!-- Default test -->
  </suite> <!-- Default suite -->
</testng-results>
