<?xml version="1.0" encoding="UTF-8"?>
<testng-results skipped="0" failed="0" ignored="0" total="1" passed="1">
  <reporter-output>
  </reporter-output>
  <suite name="Default suite" duration-ms="1742" started-at="2021-12-03T06:54:56Z" finished-at="2021-12-03T06:54:57Z">
    <groups>
    </groups>
    <test name="Default test" duration-ms="1742" started-at="2021-12-03T06:54:56Z" finished-at="2021-12-03T06:54:57Z">
      <class name="restAPIBDD.PostRequest">
        <test-method status="PASS" signature="PostCall()[pri:0, instance:restAPIBDD.PostRequest@4a87761d]" name="PostCall" duration-ms="1718" started-at="2021-12-03T06:54:56Z" finished-at="2021-12-03T06:54:57Z">
          <reporter-output>
          </reporter-output>
        </test-method> <!-- PostCall -->
      </class> <!-- restAPIBDD.PostRequest -->
    </test> <!-- Default test -->
  </suite> <!-- Default suite -->
</testng-results>
